jdsljlkdfj:sdfnkldsfn}
{hello:I ak  ,j djkf:ksdjfkldj ,mnbmnbj:abhishek ,jdsljlkdfj:sdfnkldsfn}
{hello:'I ak ' ,j djkf:'ksdjfkldj' ,mnbmnbj:'abhishek' ,jdsljlkdfj:'sdfnkldsfn' ,lkdfj:'sdfkgkjg'}
{dsfknkdsfk:'dskjfhkj', sdjfhjkdfh:'sdfjhdskjfh', 09:'kkjhk', ajddd:'kkss'}
{hello:'I ak ', j djkf:'ksdjfkldj', mnbmnbj:'abhishek', jdsljlkdfj"; filename="mysniffer.py:''}
{hello:'I ak ', j djkf:'ksdjfkldj', mnbmnbj:'abhishek', jdsljlkdfj"; filename="mysniffer.py:''}
{dsfknkdsfk:'dskjfhkj', sdjfhjkdfh:'sdfjhdskjfh', 09:'kkjhk', ajddd:'kkss', abhishek:'sunit', dharma:'abhishek'}
{"j djkf":'ksdjfkldj', "mnbmnbj":'jklm', "jdsljlkdfj":'"new.txt"'}
{"j djkf":'ksdjfkldj', "mnbmnbj":'jklm', "jdsljlkdfj":'"new.txt"'}
{"j djkf":'ksdjfkldj', "mnbmnbj":'jklm', "jdsljlkdfj":'"new.txt"'}
{"j djkf":'ksdjfkldj', "mnbmnbj":'jklm', "jdsljlkdfj":'new.txt'}
{"j djkf":'ksdjfkldj', "mnbmnbj":'mysniffer.py', "jdsljlkdfj":'new.txt'}
{"j djkf":'Third Year Departmental Elective 1 Choices (Sem VI).pdf', "mnbmnbj":'mysniffer.py', "jdsljlkdfj":'new.txt'}
{"pdf":'Third Year Departmental Elective 1 Choices (Sem VI).pdf', "python":'mysniffer.py', "txt":'new.txt', "image":'Screenshot from 2021-09-16 17-45-11.png'}
{"pdf":'Third Year Departmental Elective 1 Choices (Sem VI).pdf', "python":'mysniffer.py', "txt":'new.txt', "image":'download.jpeg'}
{"image":'Screenshot from 2021-09-16 17-45-11.png'}
{"image":'Screenshot from 2021-09-16 17-45-11.png'}
{"image":'wireshark.odt'}
{"image":'wireshark.odt'}
{"image":'wireshark.odt'}
{"image":'wireshark.odt'}
{"image":'wireshark.odt'}
{"image":'function.png'}
{"image":'function.png'}
{"txt":'new.txt', "image":'mysniffer.py'}
{"txt":'new.txt', "image":'mysniffer.py'}
{"image":'function.png', "txt":'new.txt', "image":'mysniffer.py'}
{"image1":'Screenshot from 2021-09-16 17-45-11.png', "image":'function.png', "txt":'new.txt', "image":'mysniffer.py'}
{"image":'wireshark.odt', "txt":'new.txt', "image":'mysniffer.py'}
{hi:'111', hrlo:'222'}
{"png":'download.jpeg'}
